make all --print-data-base --no-builtin-variables --no-builtin-rules --question
# GNU Make 3.81
# Copyright (C) 2006  Free Software Foundation, Inc.
# This is free software; see the source for copying conditions.
# There is NO warranty; not even for MERCHANTABILITY or FITNESS FOR A
# PARTICULAR PURPOSE.

# This program built for i386-apple-darwin11.3.0
 
make: *** No rule to make target `all'.  Stop.


# Make data base, printed on Mon Aug 22 13:19:33 2022

# Variables

# automatic
<D = $(patsubst %/,%,$(dir $<))
# automatic
?F = $(notdir $?)
# environment
ELECTRON_NO_ATTACH_CONSOLE = 1
# environment
LC_CTYPE = UTF-8
# automatic
?D = $(patsubst %/,%,$(dir $?))
# automatic
@D = $(patsubst %/,%,$(dir $@))
# automatic
@F = $(notdir $@)
# makefile
CURDIR := /Users/yusuke.a.ohashi/src/github.com/junkpiano/leetcode
# makefile
SHELL = /bin/sh
# environment
PROMPT_EOL_MARK = 
# environment
VSCODE_NLS_CONFIG = {"locale":"en-us","availableLanguages":{},"_languagePackSupport":true}
# environment
_ = /usr/bin/make
# makefile (from `Makefile', line 1)
MAKEFILE_LIST :=  Makefile
# environment
__CFBundleIdentifier = com.microsoft.VSCode
# environment
VSCODE_CWD = /Users/yusuke.a.ohashi/src/github.com/junkpiano/leetcode
# environment
PATH = /Users/yusuke.a.ohashi/.rd/bin:/Users/yusuke.a.ohashi/.cargo/bin:/Users/yusuke.a.ohashi/.bin:/usr/local/sbin:/Users/yusuke.a.ohashi/.asdf/shims:/Users/yusuke.a.ohashi/.asdf/bin:/Users/yusuke.a.ohashi/go/bin:/Users/yusuke.a.ohashi/.emacs.d/bin:/Users/yusuke.a.ohashi/.deno/bin:/Users/yusuke.a.ohashi/bin/flutter/bin:/Users/yusuke.a.ohashi/bin:/usr/local/bin:/usr/bin:/bin:/usr/sbin:/sbin:/usr/local/go/bin:/usr/local/MacGPG2/bin:/Library/Apple/usr/bin:/Users/yusuke.a.ohashi/.local/bin:/Users/yusuke.a.ohashi/Library/Application Support/Coursier/bin:/Users/yusuke.a.ohashi/.local/bin
# environment
LSCOLORS = Gxfxcxdxbxegedabagacad
# environment
LaunchInstanceID = 96D3D354-758C-4A69-A459-3E9544F2F842
# environment
ELECTRON_RUN_AS_NODE = 1
# default
.FEATURES := target-specific order-only second-expansion else-if archives jobserver check-symlink
# environment
SSH_AUTH_SOCK = /private/tmp/com.apple.launchd.I5UwbRMsF1/Listeners
# automatic
%F = $(notdir $%)
# environment
PWD = /Users/yusuke.a.ohashi/src/github.com/junkpiano/leetcode
# environment
ORIGINAL_XDG_CURRENT_DESKTOP = undefined
# environment
VSCODE_AMD_ENTRYPOINT = vs/workbench/api/node/extensionHostProcess
# environment
HOME = /Users/yusuke.a.ohashi
# default
MAKEFILEPATH := /Applications/Xcode-13.4.1.app/Contents/Developer/Makefiles
# environment
VSCODE_CLI = 1
# environment
VSCODE_CODE_CACHE_PATH = /Users/yusuke.a.ohashi/Library/Application Support/Code/CachedData/6d9b74a70ca9c7733b29f0456fd8195364076dda
# environment
LOGNAME = yusuke.a.ohashi
# environment
APPLICATION_INSIGHTS_NO_DIAGNOSTIC_CHANNEL = 1
# environment
ZSH = /Users/yusuke.a.ohashi/.oh-my-zsh
# environment
VSCODE_HANDLES_UNCAUGHT_ERRORS = true
# automatic
^D = $(patsubst %/,%,$(dir $^))
# environment
XPC_FLAGS = 0x0
# environment
COLORTERM = truecolor
# default
MAKE = $(MAKE_COMMAND)
# environment
LC_TERMINAL = iTerm2
# environment
GOJIRA_USERNAME = yusuke.a.ohashi
# environment
SHLVL = 3
# environment
JAVA_HOME = /Library/Java/JavaVirtualMachines/temurin-11.jdk/Contents/Home
# default
MAKE_VERSION := 3.81
# environment
USER = yusuke.a.ohashi
# environment
GOJIRA_BASEURL = https://jira.rakuten-it.com/jira/
# makefile
.DEFAULT_GOAL := run
# default
MAKECMDGOALS := all
# environment
TERM_SESSION_ID = w0t0p0:22311FA8-E93D-4908-B4D1-2463DB32D2A9
# environment
LESS = -R
# automatic
%D = $(patsubst %/,%,$(dir $%))
# default
MAKE_COMMAND := /Applications/Xcode-13.4.1.app/Contents/Developer/usr/bin/make
# environment
TERM_PROGRAM = iTerm.app
# default
.VARIABLES := 
# environment
TMPDIR = /var/folders/fk/jblnrhb17ql05j6y_kfnk0gst_5ffq/T/
# automatic
*F = $(notdir $*)
# environment
VSCODE_IPC_HOOK = /Users/yusuke.a.ohashi/Library/Application Support/Code/1.70.1-main.sock
# environment
MallocNanoZone = 0
# makefile
MAKEFLAGS = Rrqp
# environment
MFLAGS = -Rrqp
# automatic
*D = $(patsubst %/,%,$(dir $*))
# environment
TERM_PROGRAM_VERSION = 3.4.16
# environment
XPC_SERVICE_NAME = application.com.microsoft.VSCode.118191706.118191712.B5CFBE1B-5DC6-428D-B874-949C961C48BD
# environment
LC_TERMINAL_VERSION = 3.4.16
# automatic
+D = $(patsubst %/,%,$(dir $+))
# automatic
+F = $(notdir $+)
# environment
ITERM_SESSION_ID = w0t0p0:22311FA8-E93D-4908-B4D1-2463DB32D2A9
# environment
DENO_INSTALL = /Users/yusuke.a.ohashi/.deno
# environment
COLORFGBG = 15;0
# environment
__CF_USER_TEXT_ENCODING = 0x74A2B9D7:0x0:0x0
# environment
COMMAND_MODE = unix2003
# default
MAKEFILES := 
# automatic
<F = $(notdir $<)
# environment
ITERM_PROFILE = Default
# environment
PAGER = less
# environment
LC_ALL = C
# environment
CONDA_CHANGEPS1 = no
# environment
VIRTUAL_ENV_DISABLE_PROMPT = 12
# environment
GOJIRA_PASSWORD = rakuteN123456
# environment
SECURITYSESSIONID = 186a6
# automatic
^F = $(notdir $^)
# default
SUFFIXES := 
# environment
ASDF_DIR = /Users/yusuke.a.ohashi/.asdf
# default
.INCLUDE_DIRS = /usr/local/include
# environment
MAKELEVEL := 0
# environment
GPG_TTY = /dev/ttys000
# environment
LANG = C
# environment
TERM = xterm-256color
# environment
VSCODE_PID = 5357
# variable set hash-table stats:
# Load=87/1024=8%, Rehash=0, Collisions=4/111=4%

# Pattern-specific Variable Values

# No pattern-specific variable values.

# Directories

# . (device 16777225, inode 125109389): 13 files, 2 impossibilities.

# 13 files, 2 impossibilities in 1 directories.

# Implicit Rules

%: %.cpp
#  commands to execute (from `Makefile', line 2):
	g++ -std=c++11 $^
 
	

# 1 implicit rules, 0 (0.0%) terminal.

# Files

# Not a target:
all:
#  Command-line target.
#  Implicit rule search has been done.
#  File does not exist.
#  File has not been updated.
# variable set hash-table stats:
# Load=0/32=0%, Rehash=0, Collisions=0/0=0%

.PHONY: clean run
#  Implicit rule search has not been done.
#  Modification time never checked.
#  File has not been updated.

# Not a target:
.SUFFIXES:
#  Implicit rule search has not been done.
#  Modification time never checked.
#  File has not been updated.

# Not a target:
Makefile:
#  Implicit rule search has been done.
#  Last modified 2022-08-22 13:10:07
#  File has been updated.
#  Successfully updated.
# variable set hash-table stats:
# Load=0/32=0%, Rehash=0, Collisions=0/0=0%

# Not a target:
.DEFAULT:
#  Implicit rule search has not been done.
#  Modification time never checked.
#  File has not been updated.

run:
#  Phony target (prerequisite of .PHONY).
#  Implicit rule search has not been done.
#  File does not exist.
#  File has not been updated.
#  commands to execute (from `Makefile', line 7):
	./a.out
	

clean:
#  Phony target (prerequisite of .PHONY).
#  Implicit rule search has not been done.
#  File does not exist.
#  File has not been updated.
#  commands to execute (from `Makefile', line 10):
	rm -rf a.out
	

# files hash-table stats:
# Load=7/1024=1%, Rehash=0, Collisions=0/25=0%
# VPATH Search Paths

# No `vpath' search paths.

# No general (`VPATH' variable) search path.

# # of strings in strcache: 1
# # of strcache buffers: 1
# strcache size: total = 4096 / max = 4096 / min = 4096 / avg = 4096
# strcache free: total = 4087 / max = 4087 / min = 4087 / avg = 4087

# Finished Make data base on Mon Aug 22 13:19:33 2022

 
